2015-10-27 00:02:31,909 - Visual Analytics.cors - INFO - Configuring CORS with resources: {'/*': {'automatic_options': True, 'allow_headers': ['Content-Type'], 'send_wildcard': False, 'intercept_exceptions': True, 'origins': ['.*'], 'vary_header': True, 'supports_credentials': False, 'resources': '/*', 'methods': 'DELETE, GET, HEAD, OPTIONS, PATCH, POST, PUT'}}
2015-10-27 00:02:31,910 - root - INFO - http://localhost:8890/sparql
2015-10-27 00:02:31,910 - root - INFO - define input:inference "http://peptide_traj_21072015/rules" 
2015-10-27 00:02:31,910 - root - INFO - prefix my:<http://www.semanticweb.org/trellet/ontologies/2015/0/VisualAnalytics#> 
2015-10-27 00:02:31,910 - root - INFO - http://peptide_traj_21072015.com
2015-10-27 00:02:31,911 - root - INFO - Parsing OSC client params...
2015-10-27 00:02:31,912 - root - INFO - Web server 
IP: 0.0.0.0 	 PORT: 5000 	 Debug: True 
OSC server
IP: 127.0.0.1 	 PORT: 8000

2015-10-27 00:02:31,913 - root - INFO - Initialization of sender adress on osc.udp://chm6048.limsi.fr:8000/
2015-10-27 00:02:31,913 - root - INFO - osc.udp://chm6048.limsi.fr:8000/
2015-10-27 00:02:31,918 - werkzeug - INFO -  * Running on http://0.0.0.0:5000/
2015-10-27 00:02:43,684 - root - INFO - QUERY: 
SELECT DISTINCT ?param FROM <http://peptide_traj_21072015.com> WHERE { ?model ?param ?o . ?model a my:Model . filter (isLiteral(?o))}
2015-10-27 00:02:43,736 - root - INFO - Number of queried entities: 6 
2015-10-27 00:02:43,736 - root - INFO - QUERY: 
SELECT DISTINCT ?param FROM <http://peptide_traj_21072015.com> WHERE { ?model ?param ?o . ?model a my:Chain . filter (isLiteral(?o))}
2015-10-27 00:02:43,740 - root - INFO - Number of queried entities: 2 
2015-10-27 00:02:43,741 - root - INFO - QUERY: 
SELECT DISTINCT ?param FROM <http://peptide_traj_21072015.com> WHERE { ?model ?param ?o . ?model a my:Residue . filter (isLiteral(?o))}
2015-10-27 00:02:44,446 - root - INFO - Number of queried entities: 4 
2015-10-27 00:02:44,446 - root - INFO - QUERY: 
SELECT DISTINCT ?param FROM <http://peptide_traj_21072015.com> WHERE { ?model ?param ?o . ?model a my:Atom . filter (isLiteral(?o))}
2015-10-27 00:02:45,078 - root - INFO - Number of queried entities: 7 
2015-10-27 00:02:45,078 - root - INFO - Available analyses: {'Residue': [u'chain_id', u'residue_id', u'uniq_id', u'sas'], 'Model': [u'model_id', u'time_frame', u'uniq_id', u'temperature', u'energy', u'rmsd_to_ref'], 'Chain': [u'chain_id', u'uniq_id'], 'Atom': [u'atom_id', u'atom_type', u'pos_x', u'pos_y', u'pos_z', u'time_frame', u'uniq_id']}
2015-10-27 00:12:12,577 - root - INFO - QUERY: 
SELECT DISTINCT ?param FROM <http://peptide_traj_21072015.com> WHERE { ?model ?param ?o . ?model a my:Model . filter (isLiteral(?o))}
2015-10-27 00:12:12,581 - root - INFO - Number of queried entities: 6 
2015-10-27 00:12:12,582 - root - INFO - QUERY: 
SELECT DISTINCT ?param FROM <http://peptide_traj_21072015.com> WHERE { ?model ?param ?o . ?model a my:Chain . filter (isLiteral(?o))}
2015-10-27 00:12:12,585 - root - INFO - Number of queried entities: 2 
2015-10-27 00:12:12,586 - root - INFO - QUERY: 
SELECT DISTINCT ?param FROM <http://peptide_traj_21072015.com> WHERE { ?model ?param ?o . ?model a my:Residue . filter (isLiteral(?o))}
2015-10-27 00:12:13,253 - root - INFO - Number of queried entities: 4 
2015-10-27 00:12:13,253 - root - INFO - QUERY: 
SELECT DISTINCT ?param FROM <http://peptide_traj_21072015.com> WHERE { ?model ?param ?o . ?model a my:Atom . filter (isLiteral(?o))}
2015-10-27 00:12:13,870 - root - INFO - Number of queried entities: 7 
2015-10-27 00:12:13,870 - root - INFO - Available analyses: {'Residue': [u'chain_id', u'residue_id', u'uniq_id', u'sas'], 'Model': [u'model_id', u'time_frame', u'uniq_id', u'temperature', u'energy', u'rmsd_to_ref'], 'Chain': [u'chain_id', u'uniq_id'], 'Atom': [u'atom_id', u'atom_type', u'pos_x', u'pos_y', u'pos_z', u'time_frame', u'uniq_id']}
2015-10-27 00:14:54,237 - root - INFO - QUERY: 
SELECT DISTINCT ?param FROM <http://peptide_traj_21072015.com> WHERE { ?model ?param ?o . ?model a my:Model . filter (isLiteral(?o))}
2015-10-27 00:14:54,242 - root - INFO - Number of queried entities: 6 
2015-10-27 00:14:54,242 - root - INFO - QUERY: 
SELECT DISTINCT ?param FROM <http://peptide_traj_21072015.com> WHERE { ?model ?param ?o . ?model a my:Chain . filter (isLiteral(?o))}
2015-10-27 00:14:54,245 - root - INFO - Number of queried entities: 2 
2015-10-27 00:14:54,245 - root - INFO - QUERY: 
SELECT DISTINCT ?param FROM <http://peptide_traj_21072015.com> WHERE { ?model ?param ?o . ?model a my:Residue . filter (isLiteral(?o))}
2015-10-27 00:14:54,898 - root - INFO - Number of queried entities: 4 
2015-10-27 00:14:54,899 - root - INFO - QUERY: 
SELECT DISTINCT ?param FROM <http://peptide_traj_21072015.com> WHERE { ?model ?param ?o . ?model a my:Atom . filter (isLiteral(?o))}
2015-10-27 00:14:55,488 - root - INFO - Number of queried entities: 7 
2015-10-27 00:14:55,488 - root - INFO - Available analyses: {'Residue': [u'chain_id', u'residue_id', u'uniq_id', u'sas'], 'Model': [u'model_id', u'time_frame', u'uniq_id', u'temperature', u'energy', u'rmsd_to_ref'], 'Chain': [u'chain_id', u'uniq_id'], 'Atom': [u'atom_id', u'atom_type', u'pos_x', u'pos_y', u'pos_z', u'time_frame', u'uniq_id']}
2015-10-27 00:15:52,424 - root - INFO - Model
2015-10-27 00:15:52,424 - root - INFO - QUERY: 
SELECT ?x ?y FROM <http://peptide_traj_21072015.com> WHERE { ?model my:time_frame ?x . ?model my:temperature ?y . ?model a my:Model . ?model my:model_id ?id}
2015-10-27 00:15:52,745 - root - INFO - Number of queried entities: 251 251
2015-10-27 00:15:52,747 - root - INFO - QUERY: 
SELECT (MIN(?x) AS ?xmin) (MAX(?x) AS ?xmax) (MIN(?y) AS ?ymin) (MAX(?y) AS ?ymax) FROM <http://peptide_traj_21072015.com> WHERE { ?model my:time_frame ?x . ?model my:temperature ?y . ?model a my:Model .}
2015-10-27 00:15:52,752 - root - INFO - Number of queried entities (min/max): 1 
2015-10-27 00:15:52,753 - root - INFO - QUERY: 
SELECT ?id FROM <http://peptide_traj_21072015.com> WHERE { ?model a my:Model . ?model my:model_id ?id}
2015-10-27 00:15:52,759 - root - WARNING - List of ids: [1, 10, 100, 101, 102, 103, 104, 105, 106, 109, 11, 110, 111, 112, 113, 114, 115, 116, 117, 118, 119, 12, 120, 121, 122, 123, 124, 126, 127, 128, 129, 13, 130, 131, 132, 133, 134, 135, 136, 137, 138, 139, 14, 140, 141, 143, 144, 147, 148, 149, 15, 150, 151, 152, 153, 154, 155, 156, 157, 158, 159, 16, 160, 161, 162, 163, 164, 165, 166, 167, 168, 169, 17, 170, 171, 172, 173, 174, 175, 176, 177, 178, 18, 180, 181, 182, 183, 184, 185, 186, 187, 188, 189, 190, 191, 192, 193, 194, 195, 196, 197, 198, 199, 2, 20, 200, 201, 202, 203, 204, 205, 206, 207, 208, 209, 21, 210, 211, 212, 213, 214, 215, 216, 217, 218, 219, 22, 220, 221, 222, 223, 224, 225, 226, 227, 228, 229, 23, 230, 231, 232, 236, 237, 238, 239, 24, 240, 241, 242, 243, 244, 245, 246, 247, 248, 249, 25, 250, 251, 26, 27, 28, 29, 31, 33, 34, 35, 36, 37, 38, 39, 4, 41, 42, 43, 44, 45, 46, 47, 48, 49, 5, 50, 51, 52, 53, 54, 55, 56, 58, 60, 61, 62, 63, 64, 65, 66, 67, 68, 69, 7, 70, 71, 72, 73, 74, 75, 76, 77, 78, 79, 8, 80, 81, 82, 83, 84, 85, 86, 87, 89, 9, 90, 91, 93, 96, 99, 107, 108, 125, 142, 145, 146, 179, 19, 233, 234, 235, 3, 30, 32, 40, 57, 59, 6, 88, 92, 94, 95, 97, 98]
2015-10-27 00:15:52,760 - root - INFO - Model
2015-10-27 00:15:52,760 - root - INFO - QUERY: 
SELECT ?x ?y FROM <http://peptide_traj_21072015.com> WHERE { ?model my:time_frame ?x . ?model my:energy ?y . ?model a my:Model . ?model my:model_id ?id}
2015-10-27 00:15:52,795 - root - INFO - Number of queried entities: 251 251
2015-10-27 00:15:52,797 - root - INFO - QUERY: 
SELECT (MIN(?x) AS ?xmin) (MAX(?x) AS ?xmax) (MIN(?y) AS ?ymin) (MAX(?y) AS ?ymax) FROM <http://peptide_traj_21072015.com> WHERE { ?model my:time_frame ?x . ?model my:energy ?y . ?model a my:Model .}
2015-10-27 00:15:52,802 - root - INFO - Number of queried entities (min/max): 1 
2015-10-27 00:15:52,803 - root - INFO - QUERY: 
SELECT ?id FROM <http://peptide_traj_21072015.com> WHERE { ?model a my:Model . ?model my:model_id ?id}
2015-10-27 00:15:52,809 - root - WARNING - List of ids: [1, 10, 100, 101, 102, 103, 104, 105, 106, 109, 11, 110, 111, 112, 113, 114, 115, 116, 117, 118, 119, 12, 120, 121, 122, 123, 124, 126, 127, 128, 129, 13, 130, 131, 132, 133, 134, 135, 136, 137, 138, 139, 14, 140, 141, 143, 144, 147, 148, 149, 15, 150, 151, 152, 153, 154, 155, 156, 157, 158, 159, 16, 160, 161, 162, 163, 164, 165, 166, 167, 168, 169, 17, 170, 171, 172, 173, 174, 175, 176, 177, 178, 18, 180, 181, 182, 183, 184, 185, 186, 187, 188, 189, 190, 191, 192, 193, 194, 195, 196, 197, 198, 199, 2, 20, 200, 201, 202, 203, 204, 205, 206, 207, 208, 209, 21, 210, 211, 212, 213, 214, 215, 216, 217, 218, 219, 22, 220, 221, 222, 223, 224, 225, 226, 227, 228, 229, 23, 230, 231, 232, 236, 237, 238, 239, 24, 240, 241, 242, 243, 244, 245, 246, 247, 248, 249, 25, 250, 251, 26, 27, 28, 29, 31, 33, 34, 35, 36, 37, 38, 39, 4, 41, 42, 43, 44, 45, 46, 47, 48, 49, 5, 50, 51, 52, 53, 54, 55, 56, 58, 60, 61, 62, 63, 64, 65, 66, 67, 68, 69, 7, 70, 71, 72, 73, 74, 75, 76, 77, 78, 79, 8, 80, 81, 82, 83, 84, 85, 86, 87, 89, 9, 90, 91, 93, 96, 99, 107, 108, 125, 142, 145, 146, 179, 19, 233, 234, 235, 3, 30, 32, 40, 57, 59, 6, 88, 92, 94, 95, 97, 98]
2015-10-27 00:35:26,021 - root - INFO - Model
2015-10-27 00:35:26,021 - root - INFO - QUERY: 
SELECT ?x ?y FROM <http://peptide_traj_21072015.com> WHERE { ?model my:time_frame ?x . ?model my:rmsd_to_ref ?y . ?model a my:Model . ?model my:model_id ?id}
2015-10-27 00:35:26,055 - root - INFO - Number of queried entities: 251 251
2015-10-27 00:35:26,057 - root - INFO - QUERY: 
SELECT (MIN(?x) AS ?xmin) (MAX(?x) AS ?xmax) (MIN(?y) AS ?ymin) (MAX(?y) AS ?ymax) FROM <http://peptide_traj_21072015.com> WHERE { ?model my:time_frame ?x . ?model my:rmsd_to_ref ?y . ?model a my:Model .}
2015-10-27 00:35:26,062 - root - INFO - Number of queried entities (min/max): 1 
2015-10-27 00:35:26,062 - root - INFO - QUERY: 
SELECT ?id FROM <http://peptide_traj_21072015.com> WHERE { ?model a my:Model . ?model my:model_id ?id}
2015-10-27 00:35:26,070 - root - WARNING - List of ids: [1, 10, 100, 101, 102, 103, 104, 105, 106, 109, 11, 110, 111, 112, 113, 114, 115, 116, 117, 118, 119, 12, 120, 121, 122, 123, 124, 126, 127, 128, 129, 13, 130, 131, 132, 133, 134, 135, 136, 137, 138, 139, 14, 140, 141, 143, 144, 147, 148, 149, 15, 150, 151, 152, 153, 154, 155, 156, 157, 158, 159, 16, 160, 161, 162, 163, 164, 165, 166, 167, 168, 169, 17, 170, 171, 172, 173, 174, 175, 176, 177, 178, 18, 180, 181, 182, 183, 184, 185, 186, 187, 188, 189, 190, 191, 192, 193, 194, 195, 196, 197, 198, 199, 2, 20, 200, 201, 202, 203, 204, 205, 206, 207, 208, 209, 21, 210, 211, 212, 213, 214, 215, 216, 217, 218, 219, 22, 220, 221, 222, 223, 224, 225, 226, 227, 228, 229, 23, 230, 231, 232, 236, 237, 238, 239, 24, 240, 241, 242, 243, 244, 245, 246, 247, 248, 249, 25, 250, 251, 26, 27, 28, 29, 31, 33, 34, 35, 36, 37, 38, 39, 4, 41, 42, 43, 44, 45, 46, 47, 48, 49, 5, 50, 51, 52, 53, 54, 55, 56, 58, 60, 61, 62, 63, 64, 65, 66, 67, 68, 69, 7, 70, 71, 72, 73, 74, 75, 76, 77, 78, 79, 8, 80, 81, 82, 83, 84, 85, 86, 87, 89, 9, 90, 91, 93, 96, 99, 107, 108, 125, 142, 145, 146, 179, 19, 233, 234, 235, 3, 30, 32, 40, 57, 59, 6, 88, 92, 94, 95, 97, 98]
2015-10-27 00:35:33,667 - root - INFO - QUERY: 
SELECT DISTINCT ?param ?val FROM <http://peptide_traj_21072015.com> WHERE { ?model my:model_id ?id . FILTER ( ?id = 97 ) . ?model ?param ?o . filter (isLiteral(?o)) . ?model ?param ?val}
2015-10-27 00:35:33,671 - root - INFO - Number of queried entities: 6 
2015-10-27 00:35:33,704 - root - INFO - Selected models sent on: osc.udp://chm6048.limsi.fr:8000/
2015-10-27 00:35:37,893 - root - INFO - QUERY: 
SELECT DISTINCT ?param ?val FROM <http://peptide_traj_21072015.com> WHERE { ?model my:model_id ?id . FILTER ( ?id = 8 ) . ?model ?param ?o . filter (isLiteral(?o)) . ?model ?param ?val}
2015-10-27 00:35:37,897 - root - INFO - Number of queried entities: 6 
2015-10-27 00:35:37,897 - root - INFO - Selected models sent on: osc.udp://chm6048.limsi.fr:8000/
2015-10-27 00:35:42,414 - root - INFO - Selected models: [14, 189, 201, 237, 8, 83]
2015-10-27 00:35:42,414 - root - INFO - Selected models sent on: osc.udp://chm6048.limsi.fr:8000/
2015-10-27 00:35:49,103 - root - INFO - Selected models: [114, 120, 126, 127, 161, 175, 195, 200, 206, 238, 24, 27, 45, 72, 90, 235, 59, 94]
2015-10-27 00:35:49,103 - root - INFO - Selected models sent on: osc.udp://chm6048.limsi.fr:8000/
2015-10-27 00:35:51,006 - root - INFO - QUERY: 
SELECT DISTINCT ?param ?val FROM <http://peptide_traj_21072015.com> WHERE { ?model my:model_id ?id . FILTER ( ?id = 16 ) . ?model ?param ?o . filter (isLiteral(?o)) . ?model ?param ?val}
2015-10-27 00:35:51,010 - root - INFO - Number of queried entities: 6 
2015-10-27 00:35:51,010 - root - INFO - Selected models sent on: osc.udp://chm6048.limsi.fr:8000/
2015-10-27 00:35:55,989 - root - INFO - QUERY: 
SELECT DISTINCT ?param ?val FROM <http://peptide_traj_21072015.com> WHERE { ?model my:model_id ?id . FILTER ( ?id = 26 ) . ?model ?param ?o . filter (isLiteral(?o)) . ?model ?param ?val}
2015-10-27 00:35:55,993 - root - INFO - Number of queried entities: 6 
2015-10-27 00:35:55,993 - root - INFO - Selected models sent on: osc.udp://chm6048.limsi.fr:8000/
2015-10-27 00:36:20,730 - root - INFO - Selected models: [122, 159, 177, 205, 231, 26, 76, 84]
2015-10-27 00:36:20,730 - root - INFO - Selected models sent on: osc.udp://chm6048.limsi.fr:8000/
2015-10-27 00:36:34,384 - root - INFO - Selected models: [124, 165, 236, 4, 43]
2015-10-27 00:36:34,385 - root - INFO - Selected models sent on: osc.udp://chm6048.limsi.fr:8000/
2015-10-27 00:36:40,023 - root - INFO - Selected models: [106, 111, 114, 116, 119, 120, 13, 133, 143, 149, 152, 16, 161, 164, 174, 180, 184, 195, 200, 213, 219, 22, 223, 227, 228, 232, 250, 27, 34, 49, 61, 68, 72, 9, 99, 179, 19, 235, 3, 59, 94, 95]
2015-10-27 00:36:40,023 - root - INFO - Selected models sent on: osc.udp://chm6048.limsi.fr:8000/
2015-10-27 00:36:56,492 - root - INFO - Selected models: [106, 111, 116, 119, 13, 133, 143, 152, 16, 161, 170, 174, 180, 184, 213, 216, 219, 22, 223, 227, 232, 242, 250, 27, 34, 38, 49, 51, 61, 68, 84, 9, 99, 179, 19, 57]
2015-10-27 00:36:56,492 - root - INFO - Selected models sent on: osc.udp://chm6048.limsi.fr:8000/
2015-10-27 00:36:59,357 - root - INFO - Update current context level to: strong
2015-10-27 00:37:01,559 - root - INFO - Selected models: [100, 113, 122, 123, 133, 141, 152, 156, 159, 16, 166, 170, 171, 174, 177, 186, 197, 202, 205, 213, 216, 22, 228, 23, 231, 242, 245, 26, 29, 38, 39, 41, 5, 51, 64, 76, 84, 87, 91, 145, 234, 30, 57, 97]
2015-10-27 00:37:01,559 - root - INFO - Selected models sent on: osc.udp://chm6048.limsi.fr:8000/
2015-10-27 00:37:05,489 - root - INFO - Selected models: [100, 101, 106, 110, 111, 113, 114, 116, 118, 119, 120, 122, 123, 126, 127, 13, 131, 133, 139, 141, 143, 149, 152, 154, 156, 159, 16, 160, 161, 164, 166, 168, 170, 171, 172, 174, 175, 18, 180, 184, 186, 191, 195, 200, 205, 206, 209, 210, 213, 215, 216, 219, 22, 223, 227, 228, 23, 231, 232, 238, 24, 240, 246, 248, 250, 26, 27, 29, 34, 36, 38, 39, 41, 42, 45, 49, 5, 55, 61, 64, 68, 72, 74, 76, 77, 81, 87, 9, 90, 91, 99, 107, 145, 179, 19, 234, 235, 3, 30, 57, 59, 6, 94, 95, 97]
2015-10-27 00:37:05,490 - root - INFO - Selected models sent on: osc.udp://chm6048.limsi.fr:8000/
2015-10-27 00:37:06,372 - root - INFO - Selected models: [106, 111, 114, 116, 119, 120, 13, 143, 149, 161, 164, 175, 180, 184, 195, 200, 219, 223, 227, 232, 238, 24, 250, 27, 34, 49, 61, 68, 72, 9, 99, 179, 19, 235, 3, 59, 94, 95]
2015-10-27 00:37:06,373 - root - INFO - Selected models sent on: osc.udp://chm6048.limsi.fr:8000/
2015-10-27 00:37:07,293 - root - INFO - Selected models: [106, 111, 116, 119, 13, 133, 143, 149, 152, 16, 164, 170, 174, 180, 184, 213, 219, 22, 223, 227, 228, 232, 34, 49, 61, 68, 9, 99, 179, 19, 3, 57, 95]
2015-10-27 00:37:07,293 - root - INFO - Selected models sent on: osc.udp://chm6048.limsi.fr:8000/
2015-10-27 00:37:09,542 - root - INFO - Selected models: [10, 102, 103, 109, 115, 117, 12, 128, 136, 14, 140, 148, 150, 151, 154, 155, 158, 160, 162, 173, 18, 187, 189, 190, 194, 201, 207, 209, 21, 212, 215, 218, 220, 222, 224, 230, 237, 241, 247, 249, 25, 31, 33, 35, 44, 48, 53, 56, 66, 67, 69, 70, 71, 78, 79, 8, 80, 83, 86, 89, 93, 125, 6]
2015-10-27 00:37:09,542 - root - INFO - Selected models sent on: osc.udp://chm6048.limsi.fr:8000/
2015-10-27 00:37:11,883 - root - INFO - Update current context level to: none
2015-10-27 00:37:15,604 - root - INFO - Selected models: [10, 100, 103, 109, 113, 12, 122, 123, 133, 140, 148, 151, 155, 156, 158, 159, 166, 171, 173, 174, 177, 186, 187, 194, 197, 201, 205, 207, 209, 212, 215, 220, 224, 231, 237, 241, 242, 245, 247, 26, 31, 35, 38, 39, 5, 53, 66, 67, 76, 79, 83, 84, 86, 89, 125, 145, 30, 57, 97]
2015-10-27 00:37:15,605 - root - INFO - Selected models sent on: osc.udp://chm6048.limsi.fr:8000/
2015-10-27 00:37:27,952 - root - INFO - Selected models: [100, 106, 110, 111, 114, 116, 118, 119, 120, 122, 123, 126, 127, 129, 13, 133, 141, 143, 149, 152, 156, 159, 16, 161, 164, 166, 168, 170, 171, 174, 175, 177, 180, 184, 186, 191, 195, 197, 200, 202, 205, 206, 213, 216, 219, 22, 223, 227, 228, 23, 231, 232, 238, 24, 240, 242, 245, 250, 26, 27, 29, 34, 38, 39, 41, 45, 49, 5, 51, 61, 64, 68, 72, 74, 76, 84, 87, 9, 90, 99, 107, 145, 179, 19, 234, 235, 3, 30, 57, 59, 94, 95, 97]
2015-10-27 00:37:27,952 - root - INFO - Selected models sent on: osc.udp://chm6048.limsi.fr:8000/
2015-10-27 00:37:30,867 - root - INFO - Update current context level to: weak
2015-10-27 00:37:37,644 - root - INFO - Selected models: [100, 113, 122, 123, 141, 154, 156, 159, 166, 171, 177, 18, 186, 197, 202, 205, 215, 216, 231, 245, 26, 29, 39, 41, 5, 51, 64, 76, 84, 145, 234, 30, 97]
2015-10-27 00:37:37,644 - root - INFO - Selected models sent on: osc.udp://chm6048.limsi.fr:8000/
2015-10-27 00:37:41,020 - root - INFO - Selected models: [101, 104, 114, 120, 126, 127, 131, 137, 139, 161, 172, 175, 178, 191, 195, 198, 20, 200, 206, 210, 217, 225, 238, 24, 240, 246, 248, 27, 36, 42, 45, 54, 55, 72, 77, 81, 90, 235, 32, 59, 94]
2015-10-27 00:37:41,020 - root - INFO - Selected models sent on: osc.udp://chm6048.limsi.fr:8000/
2015-10-27 00:38:04,786 - root - INFO - Selected models: [103, 109, 12, 129, 177, 218, 224, 31, 51, 52, 53, 84, 86, 89]
2015-10-27 00:38:04,786 - root - INFO - Selected models sent on: osc.udp://chm6048.limsi.fr:8000/
2015-10-27 00:38:14,564 - root - INFO - Selected models: [103, 109, 12, 129, 177, 202, 218, 224, 243, 247, 31, 35, 51, 52, 53, 84, 86, 89]
2015-10-27 00:38:14,564 - root - INFO - Selected models sent on: osc.udp://chm6048.limsi.fr:8000/
2015-10-27 00:39:52,762 - root - INFO - Selected models: [103, 109, 12, 129, 177, 218, 224, 31, 51, 52, 53, 84, 86, 89]
2015-10-27 00:39:52,762 - root - INFO - Selected models sent on: osc.udp://chm6048.limsi.fr:8000/
2015-10-27 00:50:16,692 - root - INFO - QUERY: 
SELECT DISTINCT ?param FROM <http://peptide_traj_21072015.com> WHERE { ?model ?param ?o . ?model a my:Model . filter (isLiteral(?o))}
2015-10-27 00:50:16,697 - root - INFO - Number of queried entities: 6 
2015-10-27 00:50:16,697 - root - INFO - QUERY: 
SELECT DISTINCT ?param FROM <http://peptide_traj_21072015.com> WHERE { ?model ?param ?o . ?model a my:Chain . filter (isLiteral(?o))}
2015-10-27 00:50:16,701 - root - INFO - Number of queried entities: 2 
2015-10-27 00:50:16,701 - root - INFO - QUERY: 
SELECT DISTINCT ?param FROM <http://peptide_traj_21072015.com> WHERE { ?model ?param ?o . ?model a my:Residue . filter (isLiteral(?o))}
2015-10-27 00:50:17,363 - root - INFO - Number of queried entities: 4 
2015-10-27 00:50:17,364 - root - INFO - QUERY: 
SELECT DISTINCT ?param FROM <http://peptide_traj_21072015.com> WHERE { ?model ?param ?o . ?model a my:Atom . filter (isLiteral(?o))}
2015-10-27 00:50:17,968 - root - INFO - Number of queried entities: 7 
2015-10-27 00:50:17,969 - root - INFO - Available analyses: {'Residue': [u'chain_id', u'residue_id', u'uniq_id', u'sas'], 'Model': [u'model_id', u'time_frame', u'uniq_id', u'temperature', u'energy', u'rmsd_to_ref'], 'Chain': [u'chain_id', u'uniq_id'], 'Atom': [u'atom_id', u'atom_type', u'pos_x', u'pos_y', u'pos_z', u'time_frame', u'uniq_id']}
2015-10-27 00:50:33,608 - root - INFO - Model
2015-10-27 00:50:33,608 - root - INFO - QUERY: 
SELECT ?x ?y FROM <http://peptide_traj_21072015.com> WHERE { ?model my:time_frame ?x . ?model my:rmsd_to_ref ?y . ?model a my:Model . ?model my:model_id ?id}
2015-10-27 00:50:33,623 - root - INFO - Number of queried entities: 251 251
2015-10-27 00:50:33,625 - root - INFO - QUERY: 
SELECT (MIN(?x) AS ?xmin) (MAX(?x) AS ?xmax) (MIN(?y) AS ?ymin) (MAX(?y) AS ?ymax) FROM <http://peptide_traj_21072015.com> WHERE { ?model my:time_frame ?x . ?model my:rmsd_to_ref ?y . ?model a my:Model .}
2015-10-27 00:50:33,628 - root - INFO - Number of queried entities (min/max): 1 
2015-10-27 00:50:33,629 - root - INFO - QUERY: 
SELECT ?id FROM <http://peptide_traj_21072015.com> WHERE { ?model a my:Model . ?model my:model_id ?id}
2015-10-27 00:50:33,635 - root - WARNING - List of ids: [1, 10, 100, 101, 102, 103, 104, 105, 106, 109, 11, 110, 111, 112, 113, 114, 115, 116, 117, 118, 119, 12, 120, 121, 122, 123, 124, 126, 127, 128, 129, 13, 130, 131, 132, 133, 134, 135, 136, 137, 138, 139, 14, 140, 141, 143, 144, 147, 148, 149, 15, 150, 151, 152, 153, 154, 155, 156, 157, 158, 159, 16, 160, 161, 162, 163, 164, 165, 166, 167, 168, 169, 17, 170, 171, 172, 173, 174, 175, 176, 177, 178, 18, 180, 181, 182, 183, 184, 185, 186, 187, 188, 189, 190, 191, 192, 193, 194, 195, 196, 197, 198, 199, 2, 20, 200, 201, 202, 203, 204, 205, 206, 207, 208, 209, 21, 210, 211, 212, 213, 214, 215, 216, 217, 218, 219, 22, 220, 221, 222, 223, 224, 225, 226, 227, 228, 229, 23, 230, 231, 232, 236, 237, 238, 239, 24, 240, 241, 242, 243, 244, 245, 246, 247, 248, 249, 25, 250, 251, 26, 27, 28, 29, 31, 33, 34, 35, 36, 37, 38, 39, 4, 41, 42, 43, 44, 45, 46, 47, 48, 49, 5, 50, 51, 52, 53, 54, 55, 56, 58, 60, 61, 62, 63, 64, 65, 66, 67, 68, 69, 7, 70, 71, 72, 73, 74, 75, 76, 77, 78, 79, 8, 80, 81, 82, 83, 84, 85, 86, 87, 89, 9, 90, 91, 93, 96, 99, 107, 108, 125, 142, 145, 146, 179, 19, 233, 234, 235, 3, 30, 32, 40, 57, 59, 6, 88, 92, 94, 95, 97, 98]
2015-10-27 00:50:33,636 - root - INFO - Model
2015-10-27 00:50:33,636 - root - INFO - QUERY: 
SELECT ?x ?y FROM <http://peptide_traj_21072015.com> WHERE { ?model my:time_frame ?x . ?model my:energy ?y . ?model a my:Model . ?model my:model_id ?id}
2015-10-27 00:50:33,651 - root - INFO - Number of queried entities: 251 251
2015-10-27 00:50:33,653 - root - INFO - QUERY: 
SELECT (MIN(?x) AS ?xmin) (MAX(?x) AS ?xmax) (MIN(?y) AS ?ymin) (MAX(?y) AS ?ymax) FROM <http://peptide_traj_21072015.com> WHERE { ?model my:time_frame ?x . ?model my:energy ?y . ?model a my:Model .}
2015-10-27 00:50:33,656 - root - INFO - Number of queried entities (min/max): 1 
2015-10-27 00:50:33,657 - root - INFO - QUERY: 
SELECT ?id FROM <http://peptide_traj_21072015.com> WHERE { ?model a my:Model . ?model my:model_id ?id}
2015-10-27 00:50:33,664 - root - WARNING - List of ids: [1, 10, 100, 101, 102, 103, 104, 105, 106, 109, 11, 110, 111, 112, 113, 114, 115, 116, 117, 118, 119, 12, 120, 121, 122, 123, 124, 126, 127, 128, 129, 13, 130, 131, 132, 133, 134, 135, 136, 137, 138, 139, 14, 140, 141, 143, 144, 147, 148, 149, 15, 150, 151, 152, 153, 154, 155, 156, 157, 158, 159, 16, 160, 161, 162, 163, 164, 165, 166, 167, 168, 169, 17, 170, 171, 172, 173, 174, 175, 176, 177, 178, 18, 180, 181, 182, 183, 184, 185, 186, 187, 188, 189, 190, 191, 192, 193, 194, 195, 196, 197, 198, 199, 2, 20, 200, 201, 202, 203, 204, 205, 206, 207, 208, 209, 21, 210, 211, 212, 213, 214, 215, 216, 217, 218, 219, 22, 220, 221, 222, 223, 224, 225, 226, 227, 228, 229, 23, 230, 231, 232, 236, 237, 238, 239, 24, 240, 241, 242, 243, 244, 245, 246, 247, 248, 249, 25, 250, 251, 26, 27, 28, 29, 31, 33, 34, 35, 36, 37, 38, 39, 4, 41, 42, 43, 44, 45, 46, 47, 48, 49, 5, 50, 51, 52, 53, 54, 55, 56, 58, 60, 61, 62, 63, 64, 65, 66, 67, 68, 69, 7, 70, 71, 72, 73, 74, 75, 76, 77, 78, 79, 8, 80, 81, 82, 83, 84, 85, 86, 87, 89, 9, 90, 91, 93, 96, 99, 107, 108, 125, 142, 145, 146, 179, 19, 233, 234, 235, 3, 30, 32, 40, 57, 59, 6, 88, 92, 94, 95, 97, 98]
2015-10-27 00:50:54,799 - root - INFO - Selected models: [103, 109, 12, 129, 177, 202, 218, 224, 247, 31, 51, 52, 53, 84, 86, 89]
2015-10-27 00:50:54,799 - root - INFO - Selected models sent on: osc.udp://chm6048.limsi.fr:8000/
2015-10-27 00:51:35,698 - root - INFO - QUERY: 
SELECT DISTINCT ?param FROM <http://peptide_traj_21072015.com> WHERE { ?model ?param ?o . ?model a my:Model . filter (isLiteral(?o))}
2015-10-27 00:51:35,702 - root - INFO - Number of queried entities: 6 
2015-10-27 00:51:35,703 - root - INFO - QUERY: 
SELECT DISTINCT ?param FROM <http://peptide_traj_21072015.com> WHERE { ?model ?param ?o . ?model a my:Chain . filter (isLiteral(?o))}
2015-10-27 00:51:35,706 - root - INFO - Number of queried entities: 2 
2015-10-27 00:51:35,706 - root - INFO - QUERY: 
SELECT DISTINCT ?param FROM <http://peptide_traj_21072015.com> WHERE { ?model ?param ?o . ?model a my:Residue . filter (isLiteral(?o))}
2015-10-27 00:51:36,367 - root - INFO - Number of queried entities: 4 
2015-10-27 00:51:36,367 - root - INFO - QUERY: 
SELECT DISTINCT ?param FROM <http://peptide_traj_21072015.com> WHERE { ?model ?param ?o . ?model a my:Atom . filter (isLiteral(?o))}
2015-10-27 00:51:36,961 - root - INFO - Number of queried entities: 7 
2015-10-27 00:51:36,961 - root - INFO - Available analyses: {'Residue': [u'chain_id', u'residue_id', u'uniq_id', u'sas'], 'Model': [u'model_id', u'time_frame', u'uniq_id', u'temperature', u'energy', u'rmsd_to_ref'], 'Chain': [u'chain_id', u'uniq_id'], 'Atom': [u'atom_id', u'atom_type', u'pos_x', u'pos_y', u'pos_z', u'time_frame', u'uniq_id']}
2015-10-27 00:51:47,700 - root - INFO - Model
2015-10-27 00:51:47,700 - root - INFO - QUERY: 
SELECT ?x ?y FROM <http://peptide_traj_21072015.com> WHERE { ?model my:time_frame ?x . ?model my:energy ?y . ?model a my:Model . ?model my:model_id ?id}
2015-10-27 00:51:47,716 - root - INFO - Number of queried entities: 251 251
2015-10-27 00:51:47,718 - root - INFO - QUERY: 
SELECT (MIN(?x) AS ?xmin) (MAX(?x) AS ?xmax) (MIN(?y) AS ?ymin) (MAX(?y) AS ?ymax) FROM <http://peptide_traj_21072015.com> WHERE { ?model my:time_frame ?x . ?model my:energy ?y . ?model a my:Model .}
2015-10-27 00:51:47,721 - root - INFO - Number of queried entities (min/max): 1 
2015-10-27 00:51:47,722 - root - INFO - QUERY: 
SELECT ?id FROM <http://peptide_traj_21072015.com> WHERE { ?model a my:Model . ?model my:model_id ?id}
2015-10-27 00:51:47,728 - root - WARNING - List of ids: [1, 10, 100, 101, 102, 103, 104, 105, 106, 109, 11, 110, 111, 112, 113, 114, 115, 116, 117, 118, 119, 12, 120, 121, 122, 123, 124, 126, 127, 128, 129, 13, 130, 131, 132, 133, 134, 135, 136, 137, 138, 139, 14, 140, 141, 143, 144, 147, 148, 149, 15, 150, 151, 152, 153, 154, 155, 156, 157, 158, 159, 16, 160, 161, 162, 163, 164, 165, 166, 167, 168, 169, 17, 170, 171, 172, 173, 174, 175, 176, 177, 178, 18, 180, 181, 182, 183, 184, 185, 186, 187, 188, 189, 190, 191, 192, 193, 194, 195, 196, 197, 198, 199, 2, 20, 200, 201, 202, 203, 204, 205, 206, 207, 208, 209, 21, 210, 211, 212, 213, 214, 215, 216, 217, 218, 219, 22, 220, 221, 222, 223, 224, 225, 226, 227, 228, 229, 23, 230, 231, 232, 236, 237, 238, 239, 24, 240, 241, 242, 243, 244, 245, 246, 247, 248, 249, 25, 250, 251, 26, 27, 28, 29, 31, 33, 34, 35, 36, 37, 38, 39, 4, 41, 42, 43, 44, 45, 46, 47, 48, 49, 5, 50, 51, 52, 53, 54, 55, 56, 58, 60, 61, 62, 63, 64, 65, 66, 67, 68, 69, 7, 70, 71, 72, 73, 74, 75, 76, 77, 78, 79, 8, 80, 81, 82, 83, 84, 85, 86, 87, 89, 9, 90, 91, 93, 96, 99, 107, 108, 125, 142, 145, 146, 179, 19, 233, 234, 235, 3, 30, 32, 40, 57, 59, 6, 88, 92, 94, 95, 97, 98]
2015-10-27 00:51:47,728 - root - INFO - Model
2015-10-27 00:51:47,728 - root - INFO - QUERY: 
SELECT ?x ?y FROM <http://peptide_traj_21072015.com> WHERE { ?model my:time_frame ?x . ?model my:rmsd_to_ref ?y . ?model a my:Model . ?model my:model_id ?id}
2015-10-27 00:51:47,744 - root - INFO - Number of queried entities: 251 251
2015-10-27 00:51:47,746 - root - INFO - QUERY: 
SELECT (MIN(?x) AS ?xmin) (MAX(?x) AS ?xmax) (MIN(?y) AS ?ymin) (MAX(?y) AS ?ymax) FROM <http://peptide_traj_21072015.com> WHERE { ?model my:time_frame ?x . ?model my:rmsd_to_ref ?y . ?model a my:Model .}
2015-10-27 00:51:47,749 - root - INFO - Number of queried entities (min/max): 1 
2015-10-27 00:51:47,750 - root - INFO - QUERY: 
SELECT ?id FROM <http://peptide_traj_21072015.com> WHERE { ?model a my:Model . ?model my:model_id ?id}
2015-10-27 00:51:47,757 - root - WARNING - List of ids: [1, 10, 100, 101, 102, 103, 104, 105, 106, 109, 11, 110, 111, 112, 113, 114, 115, 116, 117, 118, 119, 12, 120, 121, 122, 123, 124, 126, 127, 128, 129, 13, 130, 131, 132, 133, 134, 135, 136, 137, 138, 139, 14, 140, 141, 143, 144, 147, 148, 149, 15, 150, 151, 152, 153, 154, 155, 156, 157, 158, 159, 16, 160, 161, 162, 163, 164, 165, 166, 167, 168, 169, 17, 170, 171, 172, 173, 174, 175, 176, 177, 178, 18, 180, 181, 182, 183, 184, 185, 186, 187, 188, 189, 190, 191, 192, 193, 194, 195, 196, 197, 198, 199, 2, 20, 200, 201, 202, 203, 204, 205, 206, 207, 208, 209, 21, 210, 211, 212, 213, 214, 215, 216, 217, 218, 219, 22, 220, 221, 222, 223, 224, 225, 226, 227, 228, 229, 23, 230, 231, 232, 236, 237, 238, 239, 24, 240, 241, 242, 243, 244, 245, 246, 247, 248, 249, 25, 250, 251, 26, 27, 28, 29, 31, 33, 34, 35, 36, 37, 38, 39, 4, 41, 42, 43, 44, 45, 46, 47, 48, 49, 5, 50, 51, 52, 53, 54, 55, 56, 58, 60, 61, 62, 63, 64, 65, 66, 67, 68, 69, 7, 70, 71, 72, 73, 74, 75, 76, 77, 78, 79, 8, 80, 81, 82, 83, 84, 85, 86, 87, 89, 9, 90, 91, 93, 96, 99, 107, 108, 125, 142, 145, 146, 179, 19, 233, 234, 235, 3, 30, 32, 40, 57, 59, 6, 88, 92, 94, 95, 97, 98]
2015-10-27 02:00:15,321 - root - INFO - Chain
2015-10-27 02:00:15,322 - root - INFO - QUERY: 
SELECT ?x ?y FROM <http://peptide_traj_21072015.com> WHERE { ?model my:chain_id ?x . ?model my:uniq_id ?y . ?model a my:Chain . ?model my:chain_id ?id}
2015-10-27 02:00:15,360 - root - INFO - Number of queried entities: 251 251
2015-10-27 02:00:44,412 - root - INFO - QUERY: 
SELECT DISTINCT ?param FROM <http://peptide_traj_21072015.com> WHERE { ?model ?param ?o . ?model a my:Model . filter (isLiteral(?o))}
2015-10-27 02:00:44,417 - root - INFO - Number of queried entities: 6 
2015-10-27 02:00:44,417 - root - INFO - QUERY: 
SELECT DISTINCT ?param FROM <http://peptide_traj_21072015.com> WHERE { ?model ?param ?o . ?model a my:Chain . filter (isLiteral(?o))}
2015-10-27 02:00:44,421 - root - INFO - Number of queried entities: 2 
2015-10-27 02:00:44,421 - root - INFO - QUERY: 
SELECT DISTINCT ?param FROM <http://peptide_traj_21072015.com> WHERE { ?model ?param ?o . ?model a my:Residue . filter (isLiteral(?o))}
2015-10-27 02:00:45,086 - root - INFO - Number of queried entities: 4 
2015-10-27 02:00:45,087 - root - INFO - QUERY: 
SELECT DISTINCT ?param FROM <http://peptide_traj_21072015.com> WHERE { ?model ?param ?o . ?model a my:Atom . filter (isLiteral(?o))}
2015-10-27 02:00:45,681 - root - INFO - Number of queried entities: 7 
2015-10-27 02:00:45,681 - root - INFO - Available analyses: {'Residue': [u'chain_id', u'residue_id', u'uniq_id', u'sas'], 'Model': [u'model_id', u'time_frame', u'uniq_id', u'temperature', u'energy', u'rmsd_to_ref'], 'Chain': [u'chain_id', u'uniq_id'], 'Atom': [u'atom_id', u'atom_type', u'pos_x', u'pos_y', u'pos_z', u'time_frame', u'uniq_id']}
2015-10-27 02:00:55,442 - root - INFO - Residue
2015-10-27 02:00:55,442 - root - INFO - QUERY: 
SELECT ?x ?y FROM <http://peptide_traj_21072015.com> WHERE { ?model my:residue_id ?x . ?model my:sas ?y . ?model a my:Residue . ?model my:residue_id ?id}
2015-10-27 02:00:55,737 - root - INFO - Number of queried entities: 4769 4769
2015-10-27 02:00:55,782 - root - INFO - QUERY: 
SELECT (MIN(?x) AS ?xmin) (MAX(?x) AS ?xmax) (MIN(?y) AS ?ymin) (MAX(?y) AS ?ymax) FROM <http://peptide_traj_21072015.com> WHERE { ?model my:residue_id ?x . ?model my:sas ?y . ?model a my:Residue .}
2015-10-27 02:00:55,805 - root - INFO - Number of queried entities (min/max): 1 
2015-10-27 02:00:55,814 - root - INFO - QUERY: 
SELECT ?id FROM <http://peptide_traj_21072015.com> WHERE { ?model a my:Model . ?model my:model_id ?id}
2015-10-27 02:00:55,822 - root - WARNING - List of ids: [1, 10, 100, 101, 102, 103, 104, 105, 106, 109, 11, 110, 111, 112, 113, 114, 115, 116, 117, 118, 119, 12, 120, 121, 122, 123, 124, 126, 127, 128, 129, 13, 130, 131, 132, 133, 134, 135, 136, 137, 138, 139, 14, 140, 141, 143, 144, 147, 148, 149, 15, 150, 151, 152, 153, 154, 155, 156, 157, 158, 159, 16, 160, 161, 162, 163, 164, 165, 166, 167, 168, 169, 17, 170, 171, 172, 173, 174, 175, 176, 177, 178, 18, 180, 181, 182, 183, 184, 185, 186, 187, 188, 189, 190, 191, 192, 193, 194, 195, 196, 197, 198, 199, 2, 20, 200, 201, 202, 203, 204, 205, 206, 207, 208, 209, 21, 210, 211, 212, 213, 214, 215, 216, 217, 218, 219, 22, 220, 221, 222, 223, 224, 225, 226, 227, 228, 229, 23, 230, 231, 232, 236, 237, 238, 239, 24, 240, 241, 242, 243, 244, 245, 246, 247, 248, 249, 25, 250, 251, 26, 27, 28, 29, 31, 33, 34, 35, 36, 37, 38, 39, 4, 41, 42, 43, 44, 45, 46, 47, 48, 49, 5, 50, 51, 52, 53, 54, 55, 56, 58, 60, 61, 62, 63, 64, 65, 66, 67, 68, 69, 7, 70, 71, 72, 73, 74, 75, 76, 77, 78, 79, 8, 80, 81, 82, 83, 84, 85, 86, 87, 89, 9, 90, 91, 93, 96, 99, 107, 108, 125, 142, 145, 146, 179, 19, 233, 234, 235, 3, 30, 32, 40, 57, 59, 6, 88, 92, 94, 95, 97, 98]
2015-10-27 02:01:45,191 - root - INFO - Residue
2015-10-27 02:01:45,191 - root - INFO - QUERY: 
SELECT ?x ?y FROM <http://peptide_traj_21072015.com> WHERE { ?model my:uniq_id ?x . ?model my:sas ?y . ?model a my:Residue . ?model my:residue_id ?id}
2015-10-27 02:01:45,420 - root - INFO - Number of queried entities: 4769 4769
2015-10-27 02:01:45,456 - root - INFO - QUERY: 
SELECT (MIN(?x) AS ?xmin) (MAX(?x) AS ?xmax) (MIN(?y) AS ?ymin) (MAX(?y) AS ?ymax) FROM <http://peptide_traj_21072015.com> WHERE { ?model my:uniq_id ?x . ?model my:sas ?y . ?model a my:Residue .}
2015-10-27 02:01:45,482 - root - INFO - Number of queried entities (min/max): 1 
2015-10-27 02:01:45,492 - root - INFO - QUERY: 
SELECT ?id FROM <http://peptide_traj_21072015.com> WHERE { ?model a my:Model . ?model my:model_id ?id}
2015-10-27 02:01:45,499 - root - WARNING - List of ids: [1, 10, 100, 101, 102, 103, 104, 105, 106, 109, 11, 110, 111, 112, 113, 114, 115, 116, 117, 118, 119, 12, 120, 121, 122, 123, 124, 126, 127, 128, 129, 13, 130, 131, 132, 133, 134, 135, 136, 137, 138, 139, 14, 140, 141, 143, 144, 147, 148, 149, 15, 150, 151, 152, 153, 154, 155, 156, 157, 158, 159, 16, 160, 161, 162, 163, 164, 165, 166, 167, 168, 169, 17, 170, 171, 172, 173, 174, 175, 176, 177, 178, 18, 180, 181, 182, 183, 184, 185, 186, 187, 188, 189, 190, 191, 192, 193, 194, 195, 196, 197, 198, 199, 2, 20, 200, 201, 202, 203, 204, 205, 206, 207, 208, 209, 21, 210, 211, 212, 213, 214, 215, 216, 217, 218, 219, 22, 220, 221, 222, 223, 224, 225, 226, 227, 228, 229, 23, 230, 231, 232, 236, 237, 238, 239, 24, 240, 241, 242, 243, 244, 245, 246, 247, 248, 249, 25, 250, 251, 26, 27, 28, 29, 31, 33, 34, 35, 36, 37, 38, 39, 4, 41, 42, 43, 44, 45, 46, 47, 48, 49, 5, 50, 51, 52, 53, 54, 55, 56, 58, 60, 61, 62, 63, 64, 65, 66, 67, 68, 69, 7, 70, 71, 72, 73, 74, 75, 76, 77, 78, 79, 8, 80, 81, 82, 83, 84, 85, 86, 87, 89, 9, 90, 91, 93, 96, 99, 107, 108, 125, 142, 145, 146, 179, 19, 233, 234, 235, 3, 30, 32, 40, 57, 59, 6, 88, 92, 94, 95, 97, 98]
2015-10-27 02:02:05,563 - root - INFO - QUERY: 
SELECT DISTINCT ?param ?val FROM <http://peptide_traj_21072015.com> WHERE { ?model my:model_id ?id . FILTER ( ?id = 2219 ) . ?model ?param ?o . filter (isLiteral(?o)) . ?model ?param ?val}
2015-10-27 02:02:05,567 - root - INFO - Number of queried entities: 0 
2015-10-27 02:02:05,567 - root - INFO - Selected models sent on: osc.udp://chm6048.limsi.fr:8000/
2015-10-27 02:06:19,048 - root - INFO - Residue
2015-10-27 02:06:19,048 - root - INFO - QUERY: 
SELECT ?x ?y FROM <http://peptide_traj_21072015.com> WHERE { ?model my:residue_id ?x . ?model my:sas ?y . ?model a my:Residue . ?model my:residue_id ?id}
2015-10-27 02:06:19,274 - root - INFO - Number of queried entities: 4769 4769
2015-10-27 02:06:19,311 - root - INFO - QUERY: 
SELECT (MIN(?x) AS ?xmin) (MAX(?x) AS ?xmax) (MIN(?y) AS ?ymin) (MAX(?y) AS ?ymax) FROM <http://peptide_traj_21072015.com> WHERE { ?model my:residue_id ?x . ?model my:sas ?y . ?model a my:Residue .}
2015-10-27 02:06:19,333 - root - INFO - Number of queried entities (min/max): 1 
2015-10-27 02:06:19,343 - root - INFO - QUERY: 
SELECT ?id FROM <http://peptide_traj_21072015.com> WHERE { ?model a my:Model . ?model my:model_id ?id}
2015-10-27 02:06:19,350 - root - WARNING - List of ids: [1, 10, 100, 101, 102, 103, 104, 105, 106, 109, 11, 110, 111, 112, 113, 114, 115, 116, 117, 118, 119, 12, 120, 121, 122, 123, 124, 126, 127, 128, 129, 13, 130, 131, 132, 133, 134, 135, 136, 137, 138, 139, 14, 140, 141, 143, 144, 147, 148, 149, 15, 150, 151, 152, 153, 154, 155, 156, 157, 158, 159, 16, 160, 161, 162, 163, 164, 165, 166, 167, 168, 169, 17, 170, 171, 172, 173, 174, 175, 176, 177, 178, 18, 180, 181, 182, 183, 184, 185, 186, 187, 188, 189, 190, 191, 192, 193, 194, 195, 196, 197, 198, 199, 2, 20, 200, 201, 202, 203, 204, 205, 206, 207, 208, 209, 21, 210, 211, 212, 213, 214, 215, 216, 217, 218, 219, 22, 220, 221, 222, 223, 224, 225, 226, 227, 228, 229, 23, 230, 231, 232, 236, 237, 238, 239, 24, 240, 241, 242, 243, 244, 245, 246, 247, 248, 249, 25, 250, 251, 26, 27, 28, 29, 31, 33, 34, 35, 36, 37, 38, 39, 4, 41, 42, 43, 44, 45, 46, 47, 48, 49, 5, 50, 51, 52, 53, 54, 55, 56, 58, 60, 61, 62, 63, 64, 65, 66, 67, 68, 69, 7, 70, 71, 72, 73, 74, 75, 76, 77, 78, 79, 8, 80, 81, 82, 83, 84, 85, 86, 87, 89, 9, 90, 91, 93, 96, 99, 107, 108, 125, 142, 145, 146, 179, 19, 233, 234, 235, 3, 30, 32, 40, 57, 59, 6, 88, 92, 94, 95, 97, 98]
2015-10-27 02:06:22,861 - root - INFO - QUERY: 
SELECT DISTINCT ?param ?val FROM <http://peptide_traj_21072015.com> WHERE { ?model my:model_id ?id . FILTER ( ?id = 2375 ) . ?model ?param ?o . filter (isLiteral(?o)) . ?model ?param ?val}
2015-10-27 02:06:22,865 - root - INFO - Number of queried entities: 0 
2015-10-27 02:06:22,865 - root - INFO - Selected models sent on: osc.udp://chm6048.limsi.fr:8000/
2015-10-27 02:06:24,693 - root - INFO - QUERY: 
SELECT DISTINCT ?param ?val FROM <http://peptide_traj_21072015.com> WHERE { ?model my:model_id ?id . FILTER ( ?id = 2219 ) . ?model ?param ?o . filter (isLiteral(?o)) . ?model ?param ?val}
2015-10-27 02:06:24,696 - root - INFO - Number of queried entities: 0 
2015-10-27 02:06:24,696 - root - INFO - Selected models sent on: osc.udp://chm6048.limsi.fr:8000/
2015-10-27 02:06:28,228 - root - INFO - QUERY: 
SELECT DISTINCT ?param ?val FROM <http://peptide_traj_21072015.com> WHERE { ?model my:model_id ?id . FILTER ( ?id = 3144 ) . ?model ?param ?o . filter (isLiteral(?o)) . ?model ?param ?val}
2015-10-27 02:06:28,232 - root - INFO - Number of queried entities: 0 
2015-10-27 02:06:28,232 - root - INFO - Selected models sent on: osc.udp://chm6048.limsi.fr:8000/
2015-10-27 02:06:30,921 - root - INFO - QUERY: 
SELECT DISTINCT ?param ?val FROM <http://peptide_traj_21072015.com> WHERE { ?model my:model_id ?id . FILTER ( ?id = 2219 ) . ?model ?param ?o . filter (isLiteral(?o)) . ?model ?param ?val}
2015-10-27 02:06:30,924 - root - INFO - Number of queried entities: 0 
2015-10-27 02:06:30,924 - root - INFO - Selected models sent on: osc.udp://chm6048.limsi.fr:8000/
